2020-01-02 16:54:29 [restartedMain] INFO  com.txy.myshop.MyshopApplication -Starting MyshopApplication on LAPTOP-1UVQ9QUD with PID 14904 (C:\Users\11586\Desktop\myshop\target\classes started by 11586 in C:\Users\11586\Desktop\myshop)
2020-01-02 16:54:29 [restartedMain] INFO  com.txy.myshop.MyshopApplication -The following profiles are active: pro
2020-01-02 16:54:29 [restartedMain] INFO  org.springframework.boot.devtools.env.DevToolsPropertyDefaultsPostProcessor -Devtools property defaults active! Set 'spring.devtools.add-properties' to 'false' to disable
2020-01-02 16:54:29 [restartedMain] INFO  org.springframework.boot.devtools.env.DevToolsPropertyDefaultsPostProcessor -For additional web related logging consider setting the 'logging.level.web' property to 'DEBUG'
2020-01-02 16:54:31 [restartedMain] INFO  org.springframework.data.repository.config.RepositoryConfigurationDelegate -Multiple Spring Data modules found, entering strict repository configuration mode!
2020-01-02 16:54:31 [restartedMain] INFO  org.springframework.data.repository.config.RepositoryConfigurationDelegate -Bootstrapping Spring Data repositories in DEFAULT mode.
2020-01-02 16:54:31 [restartedMain] INFO  org.springframework.data.repository.config.RepositoryConfigurationDelegate -Finished Spring Data repository scanning in 12ms. Found 0 repository interfaces.
2020-01-02 16:54:31 [restartedMain] INFO  org.springframework.context.support.PostProcessorRegistrationDelegate$BeanPostProcessorChecker -Bean 'org.springframework.transaction.annotation.ProxyTransactionManagementConfiguration' of type [org.springframework.transaction.annotation.ProxyTransactionManagementConfiguration$$EnhancerBySpringCGLIB$$b9ddc672] is not eligible for getting processed by all BeanPostProcessors (for example: not eligible for auto-proxying)
2020-01-02 16:54:32 [restartedMain] INFO  org.springframework.boot.web.embedded.tomcat.TomcatWebServer -Tomcat initialized with port(s): 8080 (http)
2020-01-02 16:54:32 [restartedMain] INFO  org.apache.coyote.http11.Http11NioProtocol -Initializing ProtocolHandler ["http-nio-8080"]
2020-01-02 16:54:32 [restartedMain] INFO  org.apache.catalina.core.StandardService -Starting service [Tomcat]
2020-01-02 16:54:32 [restartedMain] INFO  org.apache.catalina.core.StandardEngine -Starting Servlet engine: [Apache Tomcat/9.0.22]
2020-01-02 16:54:32 [restartedMain] INFO  org.apache.catalina.core.ContainerBase.[Tomcat].[localhost].[/] -Initializing Spring embedded WebApplicationContext
2020-01-02 16:54:32 [restartedMain] INFO  org.springframework.web.context.ContextLoader -Root WebApplicationContext: initialization completed in 3540 ms
2020-01-02 16:54:33 [restartedMain] INFO  org.springframework.scheduling.concurrent.ThreadPoolTaskExecutor -Initializing ExecutorService 'applicationTaskExecutor'
2020-01-02 16:54:33 [restartedMain] INFO  org.springframework.boot.autoconfigure.web.servlet.WelcomePageHandlerMapping -Adding welcome page template: index
2020-01-02 16:54:33 [restartedMain] INFO  com.alibaba.druid.spring.boot.autoconfigure.DruidDataSourceAutoConfigure -Init DruidDataSource
2020-01-02 16:54:33 [restartedMain] INFO  org.springframework.scheduling.concurrent.ThreadPoolTaskExecutor -Shutting down ExecutorService 'applicationTaskExecutor'
2020-01-02 16:54:33 [restartedMain] INFO  org.apache.catalina.core.StandardService -Stopping service [Tomcat]
2020-01-02 16:54:33 [restartedMain] INFO  org.springframework.boot.autoconfigure.logging.ConditionEvaluationReportLoggingListener -

Error starting ApplicationContext. To display the conditions report re-run your application with 'debug' enabled.
2020-01-02 16:57:16 [restartedMain] INFO  com.txy.myshop.MyshopApplication -Starting MyshopApplication on LAPTOP-1UVQ9QUD with PID 16636 (C:\Users\11586\Desktop\myshop\target\classes started by 11586 in C:\Users\11586\Desktop\myshop)
2020-01-02 16:57:16 [restartedMain] INFO  com.txy.myshop.MyshopApplication -The following profiles are active: pro
2020-01-02 16:57:16 [restartedMain] INFO  org.springframework.boot.devtools.env.DevToolsPropertyDefaultsPostProcessor -Devtools property defaults active! Set 'spring.devtools.add-properties' to 'false' to disable
2020-01-02 16:57:16 [restartedMain] INFO  org.springframework.boot.devtools.env.DevToolsPropertyDefaultsPostProcessor -For additional web related logging consider setting the 'logging.level.web' property to 'DEBUG'
2020-01-02 16:57:18 [restartedMain] INFO  org.springframework.boot.web.embedded.tomcat.TomcatWebServer -Tomcat initialized with port(s): 8080 (http)
2020-01-02 16:57:18 [restartedMain] INFO  org.apache.coyote.http11.Http11NioProtocol -Initializing ProtocolHandler ["http-nio-8080"]
2020-01-02 16:57:18 [restartedMain] INFO  org.apache.catalina.core.StandardService -Starting service [Tomcat]
2020-01-02 16:57:18 [restartedMain] INFO  org.apache.catalina.core.StandardEngine -Starting Servlet engine: [Apache Tomcat/9.0.22]
2020-01-02 16:57:19 [restartedMain] INFO  org.apache.catalina.core.ContainerBase.[Tomcat].[localhost].[/] -Initializing Spring embedded WebApplicationContext
2020-01-02 16:57:19 [restartedMain] INFO  org.springframework.web.context.ContextLoader -Root WebApplicationContext: initialization completed in 2654 ms
2020-01-02 16:57:20 [restartedMain] INFO  org.springframework.scheduling.concurrent.ThreadPoolTaskExecutor -Initializing ExecutorService 'applicationTaskExecutor'
2020-01-02 16:57:20 [restartedMain] INFO  org.springframework.boot.autoconfigure.web.servlet.WelcomePageHandlerMapping -Adding welcome page template: index
2020-01-02 16:57:20 [restartedMain] INFO  org.springframework.boot.devtools.autoconfigure.OptionalLiveReloadServer -LiveReload server is running on port 35729
2020-01-02 16:57:20 [restartedMain] INFO  org.apache.coyote.http11.Http11NioProtocol -Starting ProtocolHandler ["http-nio-8080"]
2020-01-02 16:57:20 [restartedMain] INFO  org.springframework.boot.web.embedded.tomcat.TomcatWebServer -Tomcat started on port(s): 8080 (http) with context path ''
2020-01-02 16:57:20 [restartedMain] INFO  com.txy.myshop.MyshopApplication -Started MyshopApplication in 4.95 seconds (JVM running for 6.176)
2020-01-02 17:00:05 [http-nio-8080-exec-1] INFO  org.apache.catalina.core.ContainerBase.[Tomcat].[localhost].[/] -Initializing Spring DispatcherServlet 'dispatcherServlet'
2020-01-02 17:00:05 [http-nio-8080-exec-1] INFO  org.springframework.web.servlet.DispatcherServlet -Initializing Servlet 'dispatcherServlet'
2020-01-02 17:00:06 [http-nio-8080-exec-1] INFO  org.springframework.web.servlet.DispatcherServlet -Completed initialization in 264 ms
2020-01-02 17:01:45 [Thread-15] INFO  org.springframework.scheduling.concurrent.ThreadPoolTaskExecutor -Shutting down ExecutorService 'applicationTaskExecutor'
